INFO 2025-12-27 08:59:03,863 autoreload 9326 8508113472 Watching for file changes with StatReloader
INFO 2025-12-27 09:00:07,204 basehttp 9326 6134214656 "GET /admin HTTP/1.1" 301 0
INFO 2025-12-27 09:00:07,224 basehttp 9326 6151041024 "GET /admin/ HTTP/1.1" 302 0
INFO 2025-12-27 09:00:07,239 basehttp 9326 6151041024 "GET /admin/login/?next=/admin/ HTTP/1.1" 200 4178
INFO 2025-12-27 09:00:07,273 basehttp 9326 6184693760 "GET /static/admin/css/login.css HTTP/1.1" 200 958
INFO 2025-12-27 09:00:07,274 basehttp 9326 6151041024 "GET /static/admin/css/base.css HTTP/1.1" 200 21310
INFO 2025-12-27 09:00:07,274 basehttp 9326 6134214656 "GET /static/admin/css/dark_mode.css HTTP/1.1" 200 2929
INFO 2025-12-27 09:00:07,275 basehttp 9326 6167867392 "GET /static/admin/css/nav_sidebar.css HTTP/1.1" 200 2694
INFO 2025-12-27 09:00:07,276 basehttp 9326 6201520128 "GET /static/admin/css/responsive.css HTTP/1.1" 200 18559
INFO 2025-12-27 09:00:07,295 basehttp 9326 6167867392 "GET /static/admin/js/nav_sidebar.js HTTP/1.1" 200 3063
INFO 2025-12-27 09:00:07,296 basehttp 9326 6201520128 "GET /static/admin/js/theme.js HTTP/1.1" 200 1943
WARNING 2025-12-27 09:00:09,255 log 9326 6201520128 Not Found: /flutter_service_worker.js
WARNING 2025-12-27 09:00:09,255 basehttp 9326 6201520128 "GET /flutter_service_worker.js?v=5.11.8 HTTP/1.1" 404 3222
INFO 2025-12-27 09:00:20,831 basehttp 9326 6201520128 "POST /admin/login/?next=/admin/ HTTP/1.1" 302 0
INFO 2025-12-27 09:00:20,855 basehttp 9326 6201520128 "GET /admin/ HTTP/1.1" 200 10478
INFO 2025-12-27 09:00:20,880 basehttp 9326 6201520128 "GET /static/admin/css/dashboard.css HTTP/1.1" 200 441
INFO 2025-12-27 09:00:20,893 basehttp 9326 6201520128 "GET /static/admin/img/icon-addlink.svg HTTP/1.1" 200 331
INFO 2025-12-27 09:00:20,896 basehttp 9326 6167867392 "GET /static/admin/img/icon-changelink.svg HTTP/1.1" 200 380
INFO 2025-12-27 09:00:20,898 basehttp 9326 6151041024 "GET /static/admin/img/icon-viewlink.svg HTTP/1.1" 200 581
WARNING 2025-12-27 09:00:22,565 log 9326 6151041024 Not Found: /flutter_service_worker.js
WARNING 2025-12-27 09:00:22,565 basehttp 9326 6151041024 "GET /flutter_service_worker.js?v=5.11.8 HTTP/1.1" 404 3222
INFO 2025-12-27 09:00:24,019 basehttp 9326 6151041024 "GET /admin/accounts/user/ HTTP/1.1" 200 14567
INFO 2025-12-27 09:00:24,037 basehttp 9326 6151041024 "GET /static/admin/css/changelists.css HTTP/1.1" 200 6566
INFO 2025-12-27 09:00:24,056 basehttp 9326 6134214656 "GET /static/admin/js/jquery.init.js HTTP/1.1" 200 347
INFO 2025-12-27 09:00:24,056 basehttp 9326 6151041024 "GET /static/admin/js/actions.js HTTP/1.1" 200 7872
INFO 2025-12-27 09:00:24,059 basehttp 9326 6184693760 "GET /static/admin/js/core.js HTTP/1.1" 200 5682
INFO 2025-12-27 09:00:24,064 basehttp 9326 6218346496 "GET /static/admin/js/admin/RelatedObjectLookups.js HTTP/1.1" 200 8943
INFO 2025-12-27 09:00:24,064 basehttp 9326 6134214656 "GET /static/admin/js/urlify.js HTTP/1.1" 200 7887
INFO 2025-12-27 09:00:24,066 basehttp 9326 6151041024 "GET /static/admin/js/prepopulate.js HTTP/1.1" 200 1531
INFO 2025-12-27 09:00:24,068 basehttp 9326 6134214656 "GET /static/admin/img/icon-yes.svg HTTP/1.1" 200 436
INFO 2025-12-27 09:00:24,070 basehttp 9326 6218346496 "GET /static/admin/img/search.svg HTTP/1.1" 200 458
INFO 2025-12-27 09:00:24,075 basehttp 9326 6201520128 "GET /static/admin/js/vendor/jquery/jquery.js HTTP/1.1" 200 292458
INFO 2025-12-27 09:00:24,077 basehttp 9326 6167867392 "GET /admin/jsi18n/ HTTP/1.1" 200 3343
INFO 2025-12-27 09:00:24,079 basehttp 9326 6184693760 "GET /static/admin/js/vendor/xregexp/xregexp.js HTTP/1.1" 200 232381
INFO 2025-12-27 09:00:24,081 basehttp 9326 6167867392 "GET /static/admin/js/filters.js HTTP/1.1" 200 978
INFO 2025-12-27 09:00:24,092 basehttp 9326 6167867392 "GET /static/admin/img/tooltag-add.svg HTTP/1.1" 200 331
INFO 2025-12-27 09:00:24,093 basehttp 9326 6184693760 "GET /static/admin/img/sorting-icons.svg HTTP/1.1" 200 1097
WARNING 2025-12-27 09:00:25,807 log 9326 6184693760 Not Found: /flutter_service_worker.js
WARNING 2025-12-27 09:00:25,808 basehttp 9326 6184693760 "GET /flutter_service_worker.js?v=5.11.8 HTTP/1.1" 404 3222
WARNING 2025-12-27 09:00:55,192 log 9326 6184693760 Not Found: /flutter_service_worker.js
WARNING 2025-12-27 09:00:55,195 basehttp 9326 6184693760 "GET /flutter_service_worker.js?v=5.11.8 HTTP/1.1" 404 3222
INFO 2025-12-27 09:03:02,672 basehttp 9326 6235172864 "OPTIONS /api/v1/auth/login HTTP/1.1" 200 0
ERROR 2025-12-27 09:03:02,711 log 9326 6235172864 Internal Server Error: /api/v1/auth/login
Traceback (most recent call last):
  File "/Users/tahiri/Tahir/development/5Data-HRMS/apps/backend/venv/lib/python3.13/site-packages/django/core/handlers/exception.py", line 55, in inner
    response = get_response(request)
  File "/Users/tahiri/Tahir/development/5Data-HRMS/apps/backend/venv/lib/python3.13/site-packages/django/utils/deprecation.py", line 136, in __call__
    response = self.process_response(request, response)
  File "/Users/tahiri/Tahir/development/5Data-HRMS/apps/backend/venv/lib/python3.13/site-packages/django/middleware/common.py", line 108, in process_response
    return self.response_redirect_class(self.get_full_path_with_slash(request))
                                        ~~~~~~~~~~~~~~~~~~~~~~~~~~~~~^^^^^^^^^
  File "/Users/tahiri/Tahir/development/5Data-HRMS/apps/backend/venv/lib/python3.13/site-packages/django/middleware/common.py", line 87, in get_full_path_with_slash
    raise RuntimeError(
    ...<9 lines>...
    )
RuntimeError: You called this URL via POST, but the URL doesn't end in a slash and you have APPEND_SLASH set. Django can't redirect to the slash URL while maintaining POST data. Change your form to point to localhost:8000/api/v1/auth/login/ (note the trailing slash), or set APPEND_SLASH=False in your Django settings.
ERROR 2025-12-27 09:03:02,714 basehttp 9326 6235172864 "POST /api/v1/auth/login HTTP/1.1" 500 73972
INFO 2025-12-27 09:03:45,480 autoreload 9326 8508113472 /Users/tahiri/Tahir/development/5Data-HRMS/apps/backend/core/settings.py changed, reloading.
INFO 2025-12-27 09:03:45,879 autoreload 14755 8508113472 Watching for file changes with StatReloader
INFO 2025-12-27 09:04:17,665 autoreload 14755 8508113472 /Users/tahiri/Tahir/development/5Data-HRMS/apps/backend/core/settings.py changed, reloading.
INFO 2025-12-27 09:04:17,987 autoreload 15333 8508113472 Watching for file changes with StatReloader
INFO 2025-12-27 09:04:26,877 autoreload 15685 8508113472 Watching for file changes with StatReloader
INFO 2025-12-27 09:04:33,113 basehttp 15685 6135934976 "OPTIONS /api/v1/auth/login/ HTTP/1.1" 200 0
INFO 2025-12-27 09:04:33,254 utils 15685 6135934976 tahir@5datainc.com - LOGIN - User:1
INFO 2025-12-27 09:04:33,261 basehttp 15685 6135934976 "POST /api/v1/auth/login/ HTTP/1.1" 200 592
INFO 2025-12-27 09:04:36,185 utils 15685 6135934976 tahir@5datainc.com - LOGIN - User:1
INFO 2025-12-27 09:04:36,186 basehttp 15685 6135934976 "POST /api/v1/auth/login/ HTTP/1.1" 200 592
INFO 2025-12-27 09:05:11,992 utils 15685 6135934976 tahir@5datainc.com - LOGIN - User:1
INFO 2025-12-27 09:05:11,993 basehttp 15685 6135934976 "POST /api/v1/auth/login/ HTTP/1.1" 200 592
INFO 2025-12-27 09:05:54,962 utils 15685 6135934976 tahir@5datainc.com - LOGIN - User:1
INFO 2025-12-27 09:05:54,964 basehttp 15685 6135934976 "POST /api/v1/auth/login/ HTTP/1.1" 200 592
INFO 2025-12-27 09:06:20,850 utils 15685 6135934976 tahir@5datainc.com - LOGIN - User:1
INFO 2025-12-27 09:06:20,851 basehttp 15685 6135934976 "POST /api/v1/auth/login/ HTTP/1.1" 200 592
INFO 2025-12-27 09:08:31,908 autoreload 15685 8508113472 /Users/tahiri/Tahir/development/5Data-HRMS/apps/backend/accounts/views.py changed, reloading.
INFO 2025-12-27 09:08:32,349 autoreload 20146 8508113472 Watching for file changes with StatReloader
INFO 2025-12-27 09:08:36,573 autoreload 20146 8508113472 /Users/tahiri/Tahir/development/5Data-HRMS/apps/backend/accounts/serializers.py changed, reloading.
INFO 2025-12-27 09:08:36,830 autoreload 20236 8508113472 Watching for file changes with StatReloader
INFO 2025-12-27 09:08:46,127 autoreload 20236 8508113472 /Users/tahiri/Tahir/development/5Data-HRMS/apps/backend/accounts/serializers.py changed, reloading.
INFO 2025-12-27 09:08:46,378 autoreload 20425 8508113472 Watching for file changes with StatReloader
INFO 2025-12-27 09:08:52,814 autoreload 20731 8508113472 Watching for file changes with StatReloader
INFO 2025-12-27 09:08:57,596 utils 20731 6169718784 tahir@5datainc.com - LOGIN - User:1
INFO 2025-12-27 09:08:57,603 basehttp 20731 6169718784 "POST /api/v1/auth/login/ HTTP/1.1" 200 614
WARNING 2025-12-27 09:08:58,311 log 20731 6186545152 Not Found: /flutter_service_worker.js
WARNING 2025-12-27 09:08:58,312 basehttp 20731 6186545152 "GET /flutter_service_worker.js?v=5.11.8 HTTP/1.1" 404 3222
WARNING 2025-12-27 09:10:28,301 log 20731 6169145344 Not Found: /flutter_service_worker.js
WARNING 2025-12-27 09:10:28,302 basehttp 20731 6169145344 "GET /flutter_service_worker.js?v=5.11.8 HTTP/1.1" 404 3222
